-------------------------------------------------------------------------------
Test set: com.berrybrewery.web.controller.BeerControllerTest
-------------------------------------------------------------------------------
Tests run: 3, Failures: 0, Errors: 2, Skipped: 0, Time elapsed: 1.462 s <<< FAILURE! - in com.berrybrewery.web.controller.BeerControllerTest
handleUpdate  Time elapsed: 0 s  <<< ERROR!
java.lang.IllegalStateException: Failed to load ApplicationContext
Caused by: org.springframework.beans.factory.BeanDefinitionStoreException: Failed to process import candidates for configuration class [org.springframework.boot.test.context.ImportsContextCustomizer$ImportsConfiguration]; nested exception is java.io.FileNotFoundException: class path resource [com/berrybrewery/web/controller/BeerControllerTest.class] cannot be opened because it does not exist
Caused by: java.io.FileNotFoundException: class path resource [com/berrybrewery/web/controller/BeerControllerTest.class] cannot be opened because it does not exist

getBeer  Time elapsed: 0 s  <<< ERROR!
java.lang.IllegalStateException: Failed to load ApplicationContext
Caused by: org.springframework.beans.factory.BeanDefinitionStoreException: Failed to process import candidates for configuration class [org.springframework.boot.test.context.ImportsContextCustomizer$ImportsConfiguration]; nested exception is java.io.FileNotFoundException: class path resource [com/berrybrewery/web/controller/BeerControllerTest.class] cannot be opened because it does not exist
Caused by: java.io.FileNotFoundException: class path resource [com/berrybrewery/web/controller/BeerControllerTest.class] cannot be opened because it does not exist

